[    1204ms] [ERROR] Failed to load resource: the server responded with a status of 404 (Not Found) @ http://localhost:3000/:0
[    1733ms] [ERROR] Failed to load resource: the server responded with a status of 404 (Not Found) @ http://localhost:3000/nav.plain.html:0
[    1734ms] [ERROR] failed to load module for header TypeError: Cannot read properties of null (reading 'firstElementChild')
    at Module.decorate (http://localhost:3000/blocks/header/header.js:125:19)
    at async http://localhost:3000/scripts/aem.js:532:15 @ http://localhost:3000/scripts/aem.js:535
[    1992ms] [ERROR] Failed to load resource: the server responded with a status of 404 (Not Found) @ http://localhost:3000/footer.plain.html:0
[    1992ms] [ERROR] failed to load module for footer TypeError: Cannot read properties of null (reading 'firstElementChild')
    at Module.decorate (http://localhost:3000/blocks/footer/footer.js:17:19)
    at async http://localhost:3000/scripts/aem.js:532:15 @ http://localhost:3000/scripts/aem.js:535
[  397087ms] [ERROR] WebSocket connection to 'ws://localhost:3000/livereload' failed: Error in connection establishment: net::ERR_CONNECTION_REFUSED @ http://localhost:3000/__internal__/livereload.js:2332
[  401444ms] [ERROR] WebSocket connection to 'ws://localhost:3000/livereload' failed: Error in connection establishment: net::ERR_CONNECTION_REFUSED @ http://localhost:3000/__internal__/livereload.js:2332
[  407840ms] [ERROR] WebSocket connection to 'ws://localhost:3000/livereload' failed: Error in connection establishment: net::ERR_CONNECTION_REFUSED @ http://localhost:3000/__internal__/livereload.js:2332
[  418188ms] [ERROR] WebSocket connection to 'ws://localhost:3000/livereload' failed: Error in connection establishment: net::ERR_CONNECTION_REFUSED @ http://localhost:3000/__internal__/livereload.js:2332
[  436538ms] [ERROR] WebSocket connection to 'ws://localhost:3000/livereload' failed: Error in connection establishment: net::ERR_CONNECTION_REFUSED @ http://localhost:3000/__internal__/livereload.js:2332
[  470913ms] [ERROR] WebSocket connection to 'ws://localhost:3000/livereload' failed: Error in connection establishment: net::ERR_CONNECTION_REFUSED @ http://localhost:3000/__internal__/livereload.js:2332
[  533255ms] [ERROR] WebSocket connection to 'ws://localhost:3000/livereload' failed: Error in connection establishment: net::ERR_CONNECTION_REFUSED @ http://localhost:3000/__internal__/livereload.js:2332
[  595596ms] [ERROR] WebSocket connection to 'ws://localhost:3000/livereload' failed: Error in connection establishment: net::ERR_CONNECTION_REFUSED @ http://localhost:3000/__internal__/livereload.js:2332
[  657955ms] [ERROR] WebSocket connection to 'ws://localhost:3000/livereload' failed: Error in connection establishment: net::ERR_CONNECTION_REFUSED @ http://localhost:3000/__internal__/livereload.js:2332
[  720308ms] [ERROR] WebSocket connection to 'ws://localhost:3000/livereload' failed: Error in connection establishment: net::ERR_CONNECTION_REFUSED @ http://localhost:3000/__internal__/livereload.js:2332
[  782640ms] [ERROR] WebSocket connection to 'ws://localhost:3000/livereload' failed: Error in connection establishment: net::ERR_CONNECTION_REFUSED @ http://localhost:3000/__internal__/livereload.js:2332
[  845003ms] [ERROR] WebSocket connection to 'ws://localhost:3000/livereload' failed: Error in connection establishment: net::ERR_CONNECTION_REFUSED @ http://localhost:3000/__internal__/livereload.js:2332
[  907369ms] [ERROR] WebSocket connection to 'ws://localhost:3000/livereload' failed: Error in connection establishment: net::ERR_CONNECTION_REFUSED @ http://localhost:3000/__internal__/livereload.js:2332
[  969721ms] [ERROR] WebSocket connection to 'ws://localhost:3000/livereload' failed: Error in connection establishment: net::ERR_CONNECTION_REFUSED @ http://localhost:3000/__internal__/livereload.js:2332
[ 1032060ms] [ERROR] WebSocket connection to 'ws://localhost:3000/livereload' failed: Error in connection establishment: net::ERR_CONNECTION_REFUSED @ http://localhost:3000/__internal__/livereload.js:2332
[ 1094411ms] [ERROR] WebSocket connection to 'ws://localhost:3000/livereload' failed: Error in connection establishment: net::ERR_CONNECTION_REFUSED @ http://localhost:3000/__internal__/livereload.js:2332
[ 1156767ms] [ERROR] WebSocket connection to 'ws://localhost:3000/livereload' failed: Error in connection establishment: net::ERR_CONNECTION_REFUSED @ http://localhost:3000/__internal__/livereload.js:2332
[ 1219104ms] [ERROR] WebSocket connection to 'ws://localhost:3000/livereload' failed: Error in connection establishment: net::ERR_CONNECTION_REFUSED @ http://localhost:3000/__internal__/livereload.js:2332
[ 1281468ms] [ERROR] WebSocket connection to 'ws://localhost:3000/livereload' failed: Error in connection establishment: net::ERR_CONNECTION_REFUSED @ http://localhost:3000/__internal__/livereload.js:2332
[ 1343824ms] [ERROR] WebSocket connection to 'ws://localhost:3000/livereload' failed: Error in connection establishment: net::ERR_CONNECTION_REFUSED @ http://localhost:3000/__internal__/livereload.js:2332
[ 1406167ms] [ERROR] WebSocket connection to 'ws://localhost:3000/livereload' failed: Error in connection establishment: net::ERR_CONNECTION_REFUSED @ http://localhost:3000/__internal__/livereload.js:2332
[ 1468547ms] [ERROR] WebSocket connection to 'ws://localhost:3000/livereload' failed: Error in connection establishment: net::ERR_CONNECTION_REFUSED @ http://localhost:3000/__internal__/livereload.js:2332
[ 1530894ms] [ERROR] WebSocket connection to 'ws://localhost:3000/livereload' failed: Error in connection establishment: net::ERR_CONNECTION_REFUSED @ http://localhost:3000/__internal__/livereload.js:2332
[ 1593264ms] [ERROR] WebSocket connection to 'ws://localhost:3000/livereload' failed: Error in connection establishment: net::ERR_CONNECTION_REFUSED @ http://localhost:3000/__internal__/livereload.js:2332
[ 1655620ms] [ERROR] WebSocket connection to 'ws://localhost:3000/livereload' failed: Error in connection establishment: net::ERR_CONNECTION_REFUSED @ http://localhost:3000/__internal__/livereload.js:2332
[ 1717989ms] [ERROR] WebSocket connection to 'ws://localhost:3000/livereload' failed: Error in connection establishment: net::ERR_CONNECTION_REFUSED @ http://localhost:3000/__internal__/livereload.js:2332
[ 1780356ms] [ERROR] WebSocket connection to 'ws://localhost:3000/livereload' failed: Error in connection establishment: net::ERR_CONNECTION_REFUSED @ http://localhost:3000/__internal__/livereload.js:2332
[ 1842716ms] [ERROR] WebSocket connection to 'ws://localhost:3000/livereload' failed: Error in connection establishment: net::ERR_CONNECTION_REFUSED @ http://localhost:3000/__internal__/livereload.js:2332
[ 1905079ms] [ERROR] WebSocket connection to 'ws://localhost:3000/livereload' failed: Error in connection establishment: net::ERR_CONNECTION_REFUSED @ http://localhost:3000/__internal__/livereload.js:2332
[ 1967453ms] [ERROR] WebSocket connection to 'ws://localhost:3000/livereload' failed: Error in connection establishment: net::ERR_CONNECTION_REFUSED @ http://localhost:3000/__internal__/livereload.js:2332
[ 2029803ms] [ERROR] WebSocket connection to 'ws://localhost:3000/livereload' failed: Error in connection establishment: net::ERR_CONNECTION_REFUSED @ http://localhost:3000/__internal__/livereload.js:2332
[ 2092138ms] [ERROR] WebSocket connection to 'ws://localhost:3000/livereload' failed: Error in connection establishment: net::ERR_CONNECTION_REFUSED @ http://localhost:3000/__internal__/livereload.js:2332
[ 2154494ms] [ERROR] WebSocket connection to 'ws://localhost:3000/livereload' failed: Error in connection establishment: net::ERR_CONNECTION_REFUSED @ http://localhost:3000/__internal__/livereload.js:2332
[ 2216843ms] [ERROR] WebSocket connection to 'ws://localhost:3000/livereload' failed: Error in connection establishment: net::ERR_CONNECTION_REFUSED @ http://localhost:3000/__internal__/livereload.js:2332
[ 2279179ms] [ERROR] WebSocket connection to 'ws://localhost:3000/livereload' failed: Error in connection establishment: net::ERR_CONNECTION_REFUSED @ http://localhost:3000/__internal__/livereload.js:2332
[ 2341529ms] [ERROR] WebSocket connection to 'ws://localhost:3000/livereload' failed: Error in connection establishment: net::ERR_CONNECTION_REFUSED @ http://localhost:3000/__internal__/livereload.js:2332
[ 2403876ms] [ERROR] WebSocket connection to 'ws://localhost:3000/livereload' failed: Error in connection establishment: net::ERR_CONNECTION_REFUSED @ http://localhost:3000/__internal__/livereload.js:2332
[ 2466229ms] [ERROR] WebSocket connection to 'ws://localhost:3000/livereload' failed: Error in connection establishment: net::ERR_CONNECTION_REFUSED @ http://localhost:3000/__internal__/livereload.js:2332
[ 2528562ms] [ERROR] WebSocket connection to 'ws://localhost:3000/livereload' failed: Error in connection establishment: net::ERR_CONNECTION_REFUSED @ http://localhost:3000/__internal__/livereload.js:2332
[ 2590891ms] [ERROR] WebSocket connection to 'ws://localhost:3000/livereload' failed: Error in connection establishment: net::ERR_CONNECTION_REFUSED @ http://localhost:3000/__internal__/livereload.js:2332
[ 2653232ms] [ERROR] WebSocket connection to 'ws://localhost:3000/livereload' failed: Error in connection establishment: net::ERR_CONNECTION_REFUSED @ http://localhost:3000/__internal__/livereload.js:2332
[ 2715579ms] [ERROR] WebSocket connection to 'ws://localhost:3000/livereload' failed: Error in connection establishment: net::ERR_CONNECTION_REFUSED @ http://localhost:3000/__internal__/livereload.js:2332
[ 2777921ms] [ERROR] WebSocket connection to 'ws://localhost:3000/livereload' failed: Error in connection establishment: net::ERR_CONNECTION_REFUSED @ http://localhost:3000/__internal__/livereload.js:2332
[ 2840283ms] [ERROR] WebSocket connection to 'ws://localhost:3000/livereload' failed: Error in connection establishment: net::ERR_CONNECTION_REFUSED @ http://localhost:3000/__internal__/livereload.js:2332
[ 2902640ms] [ERROR] WebSocket connection to 'ws://localhost:3000/livereload' failed: Error in connection establishment: net::ERR_CONNECTION_REFUSED @ http://localhost:3000/__internal__/livereload.js:2332
[ 2964988ms] [ERROR] WebSocket connection to 'ws://localhost:3000/livereload' failed: Error in connection establishment: net::ERR_CONNECTION_REFUSED @ http://localhost:3000/__internal__/livereload.js:2332
[ 3027362ms] [ERROR] WebSocket connection to 'ws://localhost:3000/livereload' failed: Error in connection establishment: net::ERR_CONNECTION_REFUSED @ http://localhost:3000/__internal__/livereload.js:2332
[ 3089725ms] [ERROR] WebSocket connection to 'ws://localhost:3000/livereload' failed: Error in connection establishment: net::ERR_CONNECTION_REFUSED @ http://localhost:3000/__internal__/livereload.js:2332
[ 3152076ms] [ERROR] WebSocket connection to 'ws://localhost:3000/livereload' failed: Error in connection establishment: net::ERR_CONNECTION_REFUSED @ http://localhost:3000/__internal__/livereload.js:2332
[ 3214451ms] [ERROR] WebSocket connection to 'ws://localhost:3000/livereload' failed: Error in connection establishment: net::ERR_CONNECTION_REFUSED @ http://localhost:3000/__internal__/livereload.js:2332
[ 3276820ms] [ERROR] WebSocket connection to 'ws://localhost:3000/livereload' failed: Error in connection establishment: net::ERR_CONNECTION_REFUSED @ http://localhost:3000/__internal__/livereload.js:2332
[ 3339192ms] [ERROR] WebSocket connection to 'ws://localhost:3000/livereload' failed: Error in connection establishment: net::ERR_CONNECTION_REFUSED @ http://localhost:3000/__internal__/livereload.js:2332
[ 3401561ms] [ERROR] WebSocket connection to 'ws://localhost:3000/livereload' failed: Error in connection establishment: net::ERR_CONNECTION_REFUSED @ http://localhost:3000/__internal__/livereload.js:2332
[ 3463929ms] [ERROR] WebSocket connection to 'ws://localhost:3000/livereload' failed: Error in connection establishment: net::ERR_CONNECTION_REFUSED @ http://localhost:3000/__internal__/livereload.js:2332
[ 3526300ms] [ERROR] WebSocket connection to 'ws://localhost:3000/livereload' failed: Error in connection establishment: net::ERR_CONNECTION_REFUSED @ http://localhost:3000/__internal__/livereload.js:2332
[ 3588651ms] [ERROR] WebSocket connection to 'ws://localhost:3000/livereload' failed: Error in connection establishment: net::ERR_CONNECTION_REFUSED @ http://localhost:3000/__internal__/livereload.js:2332
[ 3650994ms] [ERROR] WebSocket connection to 'ws://localhost:3000/livereload' failed: Error in connection establishment: net::ERR_CONNECTION_REFUSED @ http://localhost:3000/__internal__/livereload.js:2332
[ 3713359ms] [ERROR] WebSocket connection to 'ws://localhost:3000/livereload' failed: Error in connection establishment: net::ERR_CONNECTION_REFUSED @ http://localhost:3000/__internal__/livereload.js:2332
[ 3775731ms] [ERROR] WebSocket connection to 'ws://localhost:3000/livereload' failed: Error in connection establishment: net::ERR_CONNECTION_REFUSED @ http://localhost:3000/__internal__/livereload.js:2332
[ 3838108ms] [ERROR] WebSocket connection to 'ws://localhost:3000/livereload' failed: Error in connection establishment: net::ERR_CONNECTION_REFUSED @ http://localhost:3000/__internal__/livereload.js:2332
[ 3900472ms] [ERROR] WebSocket connection to 'ws://localhost:3000/livereload' failed: Error in connection establishment: net::ERR_CONNECTION_REFUSED @ http://localhost:3000/__internal__/livereload.js:2332
[ 3962829ms] [ERROR] WebSocket connection to 'ws://localhost:3000/livereload' failed: Error in connection establishment: net::ERR_CONNECTION_REFUSED @ http://localhost:3000/__internal__/livereload.js:2332
[ 4025179ms] [ERROR] WebSocket connection to 'ws://localhost:3000/livereload' failed: Error in connection establishment: net::ERR_CONNECTION_REFUSED @ http://localhost:3000/__internal__/livereload.js:2332
[33851865ms] [ERROR] WebSocket connection to 'ws://localhost:3000/livereload' failed: Error in connection establishment: net::ERR_CONNECTION_REFUSED @ http://localhost:3000/__internal__/livereload.js:2332
[56649971ms] [ERROR] WebSocket connection to 'ws://localhost:3000/livereload' failed: Error in connection establishment: net::ERR_CONNECTION_REFUSED @ http://localhost:3000/__internal__/livereload.js:2332
[56790449ms] [ERROR] WebSocket connection to 'ws://localhost:3000/livereload' failed: Error in connection establishment: net::ERR_CONNECTION_REFUSED @ http://localhost:3000/__internal__/livereload.js:2332
[56852809ms] [ERROR] WebSocket connection to 'ws://localhost:3000/livereload' failed: Error in connection establishment: net::ERR_CONNECTION_REFUSED @ http://localhost:3000/__internal__/livereload.js:2332
[56915154ms] [ERROR] WebSocket connection to 'ws://localhost:3000/livereload' failed: Error in connection establishment: net::ERR_CONNECTION_REFUSED @ http://localhost:3000/__internal__/livereload.js:2332
[56977513ms] [ERROR] WebSocket connection to 'ws://localhost:3000/livereload' failed: Error in connection establishment: net::ERR_CONNECTION_REFUSED @ http://localhost:3000/__internal__/livereload.js:2332
[57039867ms] [ERROR] WebSocket connection to 'ws://localhost:3000/livereload' failed: Error in connection establishment: net::ERR_CONNECTION_REFUSED @ http://localhost:3000/__internal__/livereload.js:2332
[57102235ms] [ERROR] WebSocket connection to 'ws://localhost:3000/livereload' failed: Error in connection establishment: net::ERR_CONNECTION_REFUSED @ http://localhost:3000/__internal__/livereload.js:2332
[57164599ms] [ERROR] WebSocket connection to 'ws://localhost:3000/livereload' failed: Error in connection establishment: net::ERR_CONNECTION_REFUSED @ http://localhost:3000/__internal__/livereload.js:2332
[57226963ms] [ERROR] WebSocket connection to 'ws://localhost:3000/livereload' failed: Error in connection establishment: net::ERR_CONNECTION_REFUSED @ http://localhost:3000/__internal__/livereload.js:2332
[57289325ms] [ERROR] WebSocket connection to 'ws://localhost:3000/livereload' failed: Error in connection establishment: net::ERR_CONNECTION_REFUSED @ http://localhost:3000/__internal__/livereload.js:2332
[57351713ms] [ERROR] WebSocket connection to 'ws://localhost:3000/livereload' failed: Error in connection establishment: net::ERR_CONNECTION_REFUSED @ http://localhost:3000/__internal__/livereload.js:2332
[57414066ms] [ERROR] WebSocket connection to 'ws://localhost:3000/livereload' failed: Error in connection establishment: net::ERR_CONNECTION_REFUSED @ http://localhost:3000/__internal__/livereload.js:2332
[57476421ms] [ERROR] WebSocket connection to 'ws://localhost:3000/livereload' failed: Error in connection establishment: net::ERR_CONNECTION_REFUSED @ http://localhost:3000/__internal__/livereload.js:2332
[57538793ms] [ERROR] WebSocket connection to 'ws://localhost:3000/livereload' failed: Error in connection establishment: net::ERR_CONNECTION_REFUSED @ http://localhost:3000/__internal__/livereload.js:2332
[57601142ms] [ERROR] WebSocket connection to 'ws://localhost:3000/livereload' failed: Error in connection establishment: net::ERR_CONNECTION_REFUSED @ http://localhost:3000/__internal__/livereload.js:2332
[57663525ms] [ERROR] WebSocket connection to 'ws://localhost:3000/livereload' failed: Error in connection establishment: net::ERR_CONNECTION_REFUSED @ http://localhost:3000/__internal__/livereload.js:2332
[57725874ms] [ERROR] WebSocket connection to 'ws://localhost:3000/livereload' failed: Error in connection establishment: net::ERR_CONNECTION_REFUSED @ http://localhost:3000/__internal__/livereload.js:2332
[57788213ms] [ERROR] WebSocket connection to 'ws://localhost:3000/livereload' failed: Error in connection establishment: net::ERR_CONNECTION_REFUSED @ http://localhost:3000/__internal__/livereload.js:2332
[57850575ms] [ERROR] WebSocket connection to 'ws://localhost:3000/livereload' failed: Error in connection establishment: net::ERR_CONNECTION_REFUSED @ http://localhost:3000/__internal__/livereload.js:2332
[57912931ms] [ERROR] WebSocket connection to 'ws://localhost:3000/livereload' failed: Error in connection establishment: net::ERR_CONNECTION_REFUSED @ http://localhost:3000/__internal__/livereload.js:2332
[57975275ms] [ERROR] WebSocket connection to 'ws://localhost:3000/livereload' failed: Error in connection establishment: net::ERR_CONNECTION_REFUSED @ http://localhost:3000/__internal__/livereload.js:2332
[58037621ms] [ERROR] WebSocket connection to 'ws://localhost:3000/livereload' failed: Error in connection establishment: net::ERR_CONNECTION_REFUSED @ http://localhost:3000/__internal__/livereload.js:2332
[58099992ms] [ERROR] WebSocket connection to 'ws://localhost:3000/livereload' failed: Error in connection establishment: net::ERR_CONNECTION_REFUSED @ http://localhost:3000/__internal__/livereload.js:2332
[58162341ms] [ERROR] WebSocket connection to 'ws://localhost:3000/livereload' failed: Error in connection establishment: net::ERR_CONNECTION_REFUSED @ http://localhost:3000/__internal__/livereload.js:2332
[58224714ms] [ERROR] WebSocket connection to 'ws://localhost:3000/livereload' failed: Error in connection establishment: net::ERR_CONNECTION_REFUSED @ http://localhost:3000/__internal__/livereload.js:2332
[58287058ms] [ERROR] WebSocket connection to 'ws://localhost:3000/livereload' failed: Error in connection establishment: net::ERR_CONNECTION_REFUSED @ http://localhost:3000/__internal__/livereload.js:2332
[58349404ms] [ERROR] WebSocket connection to 'ws://localhost:3000/livereload' failed: Error in connection establishment: net::ERR_CONNECTION_REFUSED @ http://localhost:3000/__internal__/livereload.js:2332
[58411777ms] [ERROR] WebSocket connection to 'ws://localhost:3000/livereload' failed: Error in connection establishment: net::ERR_CONNECTION_REFUSED @ http://localhost:3000/__internal__/livereload.js:2332
[58474122ms] [ERROR] WebSocket connection to 'ws://localhost:3000/livereload' failed: Error in connection establishment: net::ERR_CONNECTION_REFUSED @ http://localhost:3000/__internal__/livereload.js:2332
[58536485ms] [ERROR] WebSocket connection to 'ws://localhost:3000/livereload' failed: Error in connection establishment: net::ERR_CONNECTION_REFUSED @ http://localhost:3000/__internal__/livereload.js:2332
[58598822ms] [ERROR] WebSocket connection to 'ws://localhost:3000/livereload' failed: Error in connection establishment: net::ERR_CONNECTION_REFUSED @ http://localhost:3000/__internal__/livereload.js:2332
[58661186ms] [ERROR] WebSocket connection to 'ws://localhost:3000/livereload' failed: Error in connection establishment: net::ERR_CONNECTION_REFUSED @ http://localhost:3000/__internal__/livereload.js:2332
[58723551ms] [ERROR] WebSocket connection to 'ws://localhost:3000/livereload' failed: Error in connection establishment: net::ERR_CONNECTION_REFUSED @ http://localhost:3000/__internal__/livereload.js:2332
[58785937ms] [ERROR] WebSocket connection to 'ws://localhost:3000/livereload' failed: Error in connection establishment: net::ERR_CONNECTION_REFUSED @ http://localhost:3000/__internal__/livereload.js:2332
[58848299ms] [ERROR] WebSocket connection to 'ws://localhost:3000/livereload' failed: Error in connection establishment: net::ERR_CONNECTION_REFUSED @ http://localhost:3000/__internal__/livereload.js:2332
[58910647ms] [ERROR] WebSocket connection to 'ws://localhost:3000/livereload' failed: Error in connection establishment: net::ERR_CONNECTION_REFUSED @ http://localhost:3000/__internal__/livereload.js:2332
[58973002ms] [ERROR] WebSocket connection to 'ws://localhost:3000/livereload' failed: Error in connection establishment: net::ERR_CONNECTION_REFUSED @ http://localhost:3000/__internal__/livereload.js:2332
[59035365ms] [ERROR] WebSocket connection to 'ws://localhost:3000/livereload' failed: Error in connection establishment: net::ERR_CONNECTION_REFUSED @ http://localhost:3000/__internal__/livereload.js:2332
[59097733ms] [ERROR] WebSocket connection to 'ws://localhost:3000/livereload' failed: Error in connection establishment: net::ERR_CONNECTION_REFUSED @ http://localhost:3000/__internal__/livereload.js:2332
[59160100ms] [ERROR] WebSocket connection to 'ws://localhost:3000/livereload' failed: Error in connection establishment: net::ERR_CONNECTION_REFUSED @ http://localhost:3000/__internal__/livereload.js:2332
[59222460ms] [ERROR] WebSocket connection to 'ws://localhost:3000/livereload' failed: Error in connection establishment: net::ERR_CONNECTION_REFUSED @ http://localhost:3000/__internal__/livereload.js:2332
[59284812ms] [ERROR] WebSocket connection to 'ws://localhost:3000/livereload' failed: Error in connection establishment: net::ERR_CONNECTION_REFUSED @ http://localhost:3000/__internal__/livereload.js:2332
[59347160ms] [ERROR] WebSocket connection to 'ws://localhost:3000/livereload' failed: Error in connection establishment: net::ERR_CONNECTION_REFUSED @ http://localhost:3000/__internal__/livereload.js:2332
[59409517ms] [ERROR] WebSocket connection to 'ws://localhost:3000/livereload' failed: Error in connection establishment: net::ERR_CONNECTION_REFUSED @ http://localhost:3000/__internal__/livereload.js:2332
[59471867ms] [ERROR] WebSocket connection to 'ws://localhost:3000/livereload' failed: Error in connection establishment: net::ERR_CONNECTION_REFUSED @ http://localhost:3000/__internal__/livereload.js:2332
[59534211ms] [ERROR] WebSocket connection to 'ws://localhost:3000/livereload' failed: Error in connection establishment: net::ERR_CONNECTION_REFUSED @ http://localhost:3000/__internal__/livereload.js:2332
[59596556ms] [ERROR] WebSocket connection to 'ws://localhost:3000/livereload' failed: Error in connection establishment: net::ERR_CONNECTION_REFUSED @ http://localhost:3000/__internal__/livereload.js:2332
[59658911ms] [ERROR] WebSocket connection to 'ws://localhost:3000/livereload' failed: Error in connection establishment: net::ERR_CONNECTION_REFUSED @ http://localhost:3000/__internal__/livereload.js:2332
[59721270ms] [ERROR] WebSocket connection to 'ws://localhost:3000/livereload' failed: Error in connection establishment: net::ERR_CONNECTION_REFUSED @ http://localhost:3000/__internal__/livereload.js:2332
[59783639ms] [ERROR] WebSocket connection to 'ws://localhost:3000/livereload' failed: Error in connection establishment: net::ERR_CONNECTION_REFUSED @ http://localhost:3000/__internal__/livereload.js:2332
[59846000ms] [ERROR] WebSocket connection to 'ws://localhost:3000/livereload' failed: Error in connection establishment: net::ERR_CONNECTION_REFUSED @ http://localhost:3000/__internal__/livereload.js:2332
[59908360ms] [ERROR] WebSocket connection to 'ws://localhost:3000/livereload' failed: Error in connection establishment: net::ERR_CONNECTION_REFUSED @ http://localhost:3000/__internal__/livereload.js:2332
[59970701ms] [ERROR] WebSocket connection to 'ws://localhost:3000/livereload' failed: Error in connection establishment: net::ERR_CONNECTION_REFUSED @ http://localhost:3000/__internal__/livereload.js:2332
[60033050ms] [ERROR] WebSocket connection to 'ws://localhost:3000/livereload' failed: Error in connection establishment: net::ERR_CONNECTION_REFUSED @ http://localhost:3000/__internal__/livereload.js:2332
[60095376ms] [ERROR] WebSocket connection to 'ws://localhost:3000/livereload' failed: Error in connection establishment: net::ERR_CONNECTION_REFUSED @ http://localhost:3000/__internal__/livereload.js:2332
[60157738ms] [ERROR] WebSocket connection to 'ws://localhost:3000/livereload' failed: Error in connection establishment: net::ERR_CONNECTION_REFUSED @ http://localhost:3000/__internal__/livereload.js:2332
[60220081ms] [ERROR] WebSocket connection to 'ws://localhost:3000/livereload' failed: Error in connection establishment: net::ERR_CONNECTION_REFUSED @ http://localhost:3000/__internal__/livereload.js:2332
[60282430ms] [ERROR] WebSocket connection to 'ws://localhost:3000/livereload' failed: Error in connection establishment: net::ERR_CONNECTION_REFUSED @ http://localhost:3000/__internal__/livereload.js:2332
[60344783ms] [ERROR] WebSocket connection to 'ws://localhost:3000/livereload' failed: Error in connection establishment: net::ERR_CONNECTION_REFUSED @ http://localhost:3000/__internal__/livereload.js:2332
[60407137ms] [ERROR] WebSocket connection to 'ws://localhost:3000/livereload' failed: Error in connection establishment: net::ERR_CONNECTION_REFUSED @ http://localhost:3000/__internal__/livereload.js:2332
[60469488ms] [ERROR] WebSocket connection to 'ws://localhost:3000/livereload' failed: Error in connection establishment: net::ERR_CONNECTION_REFUSED @ http://localhost:3000/__internal__/livereload.js:2332
[60531842ms] [ERROR] WebSocket connection to 'ws://localhost:3000/livereload' failed: Error in connection establishment: net::ERR_CONNECTION_REFUSED @ http://localhost:3000/__internal__/livereload.js:2332
[60594218ms] [ERROR] WebSocket connection to 'ws://localhost:3000/livereload' failed: Error in connection establishment: net::ERR_CONNECTION_REFUSED @ http://localhost:3000/__internal__/livereload.js:2332
[60656582ms] [ERROR] WebSocket connection to 'ws://localhost:3000/livereload' failed: Error in connection establishment: net::ERR_CONNECTION_REFUSED @ http://localhost:3000/__internal__/livereload.js:2332
[60718950ms] [ERROR] WebSocket connection to 'ws://localhost:3000/livereload' failed: Error in connection establishment: net::ERR_CONNECTION_REFUSED @ http://localhost:3000/__internal__/livereload.js:2332
[60781282ms] [ERROR] WebSocket connection to 'ws://localhost:3000/livereload' failed: Error in connection establishment: net::ERR_CONNECTION_REFUSED @ http://localhost:3000/__internal__/livereload.js:2332
[60843650ms] [ERROR] WebSocket connection to 'ws://localhost:3000/livereload' failed: Error in connection establishment: net::ERR_CONNECTION_REFUSED @ http://localhost:3000/__internal__/livereload.js:2332
[60906008ms] [ERROR] WebSocket connection to 'ws://localhost:3000/livereload' failed: Error in connection establishment: net::ERR_CONNECTION_REFUSED @ http://localhost:3000/__internal__/livereload.js:2332
[60968395ms] [ERROR] WebSocket connection to 'ws://localhost:3000/livereload' failed: Error in connection establishment: net::ERR_CONNECTION_REFUSED @ http://localhost:3000/__internal__/livereload.js:2332
[61030759ms] [ERROR] WebSocket connection to 'ws://localhost:3000/livereload' failed: Error in connection establishment: net::ERR_CONNECTION_REFUSED @ http://localhost:3000/__internal__/livereload.js:2332
[61093125ms] [ERROR] WebSocket connection to 'ws://localhost:3000/livereload' failed: Error in connection establishment: net::ERR_CONNECTION_REFUSED @ http://localhost:3000/__internal__/livereload.js:2332
[61155499ms] [ERROR] WebSocket connection to 'ws://localhost:3000/livereload' failed: Error in connection establishment: net::ERR_CONNECTION_REFUSED @ http://localhost:3000/__internal__/livereload.js:2332
[61217853ms] [ERROR] WebSocket connection to 'ws://localhost:3000/livereload' failed: Error in connection establishment: net::ERR_CONNECTION_REFUSED @ http://localhost:3000/__internal__/livereload.js:2332
[61280226ms] [ERROR] WebSocket connection to 'ws://localhost:3000/livereload' failed: Error in connection establishment: net::ERR_CONNECTION_REFUSED @ http://localhost:3000/__internal__/livereload.js:2332
[61342571ms] [ERROR] WebSocket connection to 'ws://localhost:3000/livereload' failed: Error in connection establishment: net::ERR_CONNECTION_REFUSED @ http://localhost:3000/__internal__/livereload.js:2332
[61404944ms] [ERROR] WebSocket connection to 'ws://localhost:3000/livereload' failed: Error in connection establishment: net::ERR_CONNECTION_REFUSED @ http://localhost:3000/__internal__/livereload.js:2332
[61467298ms] [ERROR] WebSocket connection to 'ws://localhost:3000/livereload' failed: Error in connection establishment: net::ERR_CONNECTION_REFUSED @ http://localhost:3000/__internal__/livereload.js:2332
[61529636ms] [ERROR] WebSocket connection to 'ws://localhost:3000/livereload' failed: Error in connection establishment: net::ERR_CONNECTION_REFUSED @ http://localhost:3000/__internal__/livereload.js:2332
[61591975ms] [ERROR] WebSocket connection to 'ws://localhost:3000/livereload' failed: Error in connection establishment: net::ERR_CONNECTION_REFUSED @ http://localhost:3000/__internal__/livereload.js:2332
[61654327ms] [ERROR] WebSocket connection to 'ws://localhost:3000/livereload' failed: Error in connection establishment: net::ERR_CONNECTION_REFUSED @ http://localhost:3000/__internal__/livereload.js:2332
[61716692ms] [ERROR] WebSocket connection to 'ws://localhost:3000/livereload' failed: Error in connection establishment: net::ERR_CONNECTION_REFUSED @ http://localhost:3000/__internal__/livereload.js:2332
[61779032ms] [ERROR] WebSocket connection to 'ws://localhost:3000/livereload' failed: Error in connection establishment: net::ERR_CONNECTION_REFUSED @ http://localhost:3000/__internal__/livereload.js:2332
[61841389ms] [ERROR] WebSocket connection to 'ws://localhost:3000/livereload' failed: Error in connection establishment: net::ERR_CONNECTION_REFUSED @ http://localhost:3000/__internal__/livereload.js:2332
[61903738ms] [ERROR] WebSocket connection to 'ws://localhost:3000/livereload' failed: Error in connection establishment: net::ERR_CONNECTION_REFUSED @ http://localhost:3000/__internal__/livereload.js:2332
[61966112ms] [ERROR] WebSocket connection to 'ws://localhost:3000/livereload' failed: Error in connection establishment: net::ERR_CONNECTION_REFUSED @ http://localhost:3000/__internal__/livereload.js:2332
[62028457ms] [ERROR] WebSocket connection to 'ws://localhost:3000/livereload' failed: Error in connection establishment: net::ERR_CONNECTION_REFUSED @ http://localhost:3000/__internal__/livereload.js:2332
[62090816ms] [ERROR] WebSocket connection to 'ws://localhost:3000/livereload' failed: Error in connection establishment: net::ERR_CONNECTION_REFUSED @ http://localhost:3000/__internal__/livereload.js:2332
[62153183ms] [ERROR] WebSocket connection to 'ws://localhost:3000/livereload' failed: Error in connection establishment: net::ERR_CONNECTION_REFUSED @ http://localhost:3000/__internal__/livereload.js:2332
[62215542ms] [ERROR] WebSocket connection to 'ws://localhost:3000/livereload' failed: Error in connection establishment: net::ERR_CONNECTION_REFUSED @ http://localhost:3000/__internal__/livereload.js:2332
[62277883ms] [ERROR] WebSocket connection to 'ws://localhost:3000/livereload' failed: Error in connection establishment: net::ERR_CONNECTION_REFUSED @ http://localhost:3000/__internal__/livereload.js:2332
[62340250ms] [ERROR] WebSocket connection to 'ws://localhost:3000/livereload' failed: Error in connection establishment: net::ERR_CONNECTION_REFUSED @ http://localhost:3000/__internal__/livereload.js:2332
[62402612ms] [ERROR] WebSocket connection to 'ws://localhost:3000/livereload' failed: Error in connection establishment: net::ERR_CONNECTION_REFUSED @ http://localhost:3000/__internal__/livereload.js:2332
[62464951ms] [ERROR] WebSocket connection to 'ws://localhost:3000/livereload' failed: Error in connection establishment: net::ERR_CONNECTION_REFUSED @ http://localhost:3000/__internal__/livereload.js:2332
[62527299ms] [ERROR] WebSocket connection to 'ws://localhost:3000/livereload' failed: Error in connection establishment: net::ERR_CONNECTION_REFUSED @ http://localhost:3000/__internal__/livereload.js:2332
[62589646ms] [ERROR] WebSocket connection to 'ws://localhost:3000/livereload' failed: Error in connection establishment: net::ERR_CONNECTION_REFUSED @ http://localhost:3000/__internal__/livereload.js:2332
[62652007ms] [ERROR] WebSocket connection to 'ws://localhost:3000/livereload' failed: Error in connection establishment: net::ERR_CONNECTION_REFUSED @ http://localhost:3000/__internal__/livereload.js:2332
[62714357ms] [ERROR] WebSocket connection to 'ws://localhost:3000/livereload' failed: Error in connection establishment: net::ERR_CONNECTION_REFUSED @ http://localhost:3000/__internal__/livereload.js:2332
[62776692ms] [ERROR] WebSocket connection to 'ws://localhost:3000/livereload' failed: Error in connection establishment: net::ERR_CONNECTION_REFUSED @ http://localhost:3000/__internal__/livereload.js:2332
[62839039ms] [ERROR] WebSocket connection to 'ws://localhost:3000/livereload' failed: Error in connection establishment: net::ERR_CONNECTION_REFUSED @ http://localhost:3000/__internal__/livereload.js:2332
[62901405ms] [ERROR] WebSocket connection to 'ws://localhost:3000/livereload' failed: Error in connection establishment: net::ERR_CONNECTION_REFUSED @ http://localhost:3000/__internal__/livereload.js:2332
[62963766ms] [ERROR] WebSocket connection to 'ws://localhost:3000/livereload' failed: Error in connection establishment: net::ERR_CONNECTION_REFUSED @ http://localhost:3000/__internal__/livereload.js:2332
[63026116ms] [ERROR] WebSocket connection to 'ws://localhost:3000/livereload' failed: Error in connection establishment: net::ERR_CONNECTION_REFUSED @ http://localhost:3000/__internal__/livereload.js:2332
[63088477ms] [ERROR] WebSocket connection to 'ws://localhost:3000/livereload' failed: Error in connection establishment: net::ERR_CONNECTION_REFUSED @ http://localhost:3000/__internal__/livereload.js:2332
[63150835ms] [ERROR] WebSocket connection to 'ws://localhost:3000/livereload' failed: Error in connection establishment: net::ERR_CONNECTION_REFUSED @ http://localhost:3000/__internal__/livereload.js:2332
[63213195ms] [ERROR] WebSocket connection to 'ws://localhost:3000/livereload' failed: Error in connection establishment: net::ERR_CONNECTION_REFUSED @ http://localhost:3000/__internal__/livereload.js:2332
[63275535ms] [ERROR] WebSocket connection to 'ws://localhost:3000/livereload' failed: Error in connection establishment: net::ERR_CONNECTION_REFUSED @ http://localhost:3000/__internal__/livereload.js:2332
[63337899ms] [ERROR] WebSocket connection to 'ws://localhost:3000/livereload' failed: Error in connection establishment: net::ERR_CONNECTION_REFUSED @ http://localhost:3000/__internal__/livereload.js:2332
[63400272ms] [ERROR] WebSocket connection to 'ws://localhost:3000/livereload' failed: Error in connection establishment: net::ERR_CONNECTION_REFUSED @ http://localhost:3000/__internal__/livereload.js:2332
[63462610ms] [ERROR] WebSocket connection to 'ws://localhost:3000/livereload' failed: Error in connection establishment: net::ERR_CONNECTION_REFUSED @ http://localhost:3000/__internal__/livereload.js:2332
[63524955ms] [ERROR] WebSocket connection to 'ws://localhost:3000/livereload' failed: Error in connection establishment: net::ERR_CONNECTION_REFUSED @ http://localhost:3000/__internal__/livereload.js:2332
[63587329ms] [ERROR] WebSocket connection to 'ws://localhost:3000/livereload' failed: Error in connection establishment: net::ERR_CONNECTION_REFUSED @ http://localhost:3000/__internal__/livereload.js:2332
[63649684ms] [ERROR] WebSocket connection to 'ws://localhost:3000/livereload' failed: Error in connection establishment: net::ERR_CONNECTION_REFUSED @ http://localhost:3000/__internal__/livereload.js:2332
[63712039ms] [ERROR] WebSocket connection to 'ws://localhost:3000/livereload' failed: Error in connection establishment: net::ERR_CONNECTION_REFUSED @ http://localhost:3000/__internal__/livereload.js:2332
[63774397ms] [ERROR] WebSocket connection to 'ws://localhost:3000/livereload' failed: Error in connection establishment: net::ERR_CONNECTION_REFUSED @ http://localhost:3000/__internal__/livereload.js:2332
[63836764ms] [ERROR] WebSocket connection to 'ws://localhost:3000/livereload' failed: Error in connection establishment: net::ERR_CONNECTION_REFUSED @ http://localhost:3000/__internal__/livereload.js:2332
[63899117ms] [ERROR] WebSocket connection to 'ws://localhost:3000/livereload' failed: Error in connection establishment: net::ERR_CONNECTION_REFUSED @ http://localhost:3000/__internal__/livereload.js:2332
[63961468ms] [ERROR] WebSocket connection to 'ws://localhost:3000/livereload' failed: Error in connection establishment: net::ERR_CONNECTION_REFUSED @ http://localhost:3000/__internal__/livereload.js:2332
[64023807ms] [ERROR] WebSocket connection to 'ws://localhost:3000/livereload' failed: Error in connection establishment: net::ERR_CONNECTION_REFUSED @ http://localhost:3000/__internal__/livereload.js:2332
